
  .   ____          _            __ _ _
 /\\ / ___'_ __ _ _(_)_ __  __ _ \ \ \ \
( ( )\___ | '_ | '_| | '_ \/ _` | \ \ \ \
 \\/  ___)| |_)| | | | | || (_| |  ) ) ) )
  '  |____| .__|_| |_|_| |_\__, | / / / /
 =========|_|==============|___/=/_/_/_/
[32m :: Spring Boot :: [39m              [2m (v3.2.3)[0;39m

[2m2025-02-28T12:18:36.296+09:00[0;39m [32m INFO[0;39m [35m97591[0;39m [2m---[0;39m [2m[CodyService] [           main][0;39m [2m[0;39m[36mo.c.codyservice.CodyServiceApplication  [0;39m [2m:[0;39m Starting CodyServiceApplication v0.0.1-SNAPSHOT using Java 23.0.2 with PID 97591 (/Users/kimjaehyun/Desktop/CodyService/build/libs/CodyService-0.0.1-SNAPSHOT.jar started by kimjaehyun in /Users/kimjaehyun/Desktop/CodyService)
[2m2025-02-28T12:18:36.298+09:00[0;39m [32mDEBUG[0;39m [35m97591[0;39m [2m---[0;39m [2m[CodyService] [           main][0;39m [2m[0;39m[36mo.c.codyservice.CodyServiceApplication  [0;39m [2m:[0;39m Running with Spring Boot v3.2.3, Spring v6.1.4
[2m2025-02-28T12:18:36.298+09:00[0;39m [32m INFO[0;39m [35m97591[0;39m [2m---[0;39m [2m[CodyService] [           main][0;39m [2m[0;39m[36mo.c.codyservice.CodyServiceApplication  [0;39m [2m:[0;39m No active profile set, falling back to 1 default profile: "default"
[2m2025-02-28T12:18:37.065+09:00[0;39m [32m INFO[0;39m [35m97591[0;39m [2m---[0;39m [2m[CodyService] [           main][0;39m [2m[0;39m[36m.s.d.r.c.RepositoryConfigurationDelegate[0;39m [2m:[0;39m Multiple Spring Data modules found, entering strict repository configuration mode
[2m2025-02-28T12:18:37.066+09:00[0;39m [32m INFO[0;39m [35m97591[0;39m [2m---[0;39m [2m[CodyService] [           main][0;39m [2m[0;39m[36m.s.d.r.c.RepositoryConfigurationDelegate[0;39m [2m:[0;39m Bootstrapping Spring Data JPA repositories in DEFAULT mode.
[2m2025-02-28T12:18:37.088+09:00[0;39m [32m INFO[0;39m [35m97591[0;39m [2m---[0;39m [2m[CodyService] [           main][0;39m [2m[0;39m[36m.s.d.r.c.RepositoryConfigurationDelegate[0;39m [2m:[0;39m Finished Spring Data repository scanning in 15 ms. Found 0 JPA repository interfaces.
[2m2025-02-28T12:18:37.107+09:00[0;39m [32m INFO[0;39m [35m97591[0;39m [2m---[0;39m [2m[CodyService] [           main][0;39m [2m[0;39m[36m.s.d.r.c.RepositoryConfigurationDelegate[0;39m [2m:[0;39m Multiple Spring Data modules found, entering strict repository configuration mode
[2m2025-02-28T12:18:37.108+09:00[0;39m [32m INFO[0;39m [35m97591[0;39m [2m---[0;39m [2m[CodyService] [           main][0;39m [2m[0;39m[36m.s.d.r.c.RepositoryConfigurationDelegate[0;39m [2m:[0;39m Bootstrapping Spring Data Redis repositories in DEFAULT mode.
[2m2025-02-28T12:18:37.116+09:00[0;39m [32m INFO[0;39m [35m97591[0;39m [2m---[0;39m [2m[CodyService] [           main][0;39m [2m[0;39m[36m.s.d.r.c.RepositoryConfigurationDelegate[0;39m [2m:[0;39m Finished Spring Data repository scanning in 2 ms. Found 0 Redis repository interfaces.
[2m2025-02-28T12:18:38.399+09:00[0;39m [32m INFO[0;39m [35m97591[0;39m [2m---[0;39m [2m[CodyService] [           main][0;39m [2m[0;39m[36mo.s.b.w.embedded.tomcat.TomcatWebServer [0;39m [2m:[0;39m Tomcat initialized with port 8080 (http)
[2m2025-02-28T12:18:38.405+09:00[0;39m [32m INFO[0;39m [35m97591[0;39m [2m---[0;39m [2m[CodyService] [           main][0;39m [2m[0;39m[36mo.apache.catalina.core.StandardService  [0;39m [2m:[0;39m Starting service [Tomcat]
[2m2025-02-28T12:18:38.405+09:00[0;39m [32m INFO[0;39m [35m97591[0;39m [2m---[0;39m [2m[CodyService] [           main][0;39m [2m[0;39m[36mo.apache.catalina.core.StandardEngine   [0;39m [2m:[0;39m Starting Servlet engine: [Apache Tomcat/10.1.19]
[2m2025-02-28T12:18:38.420+09:00[0;39m [32m INFO[0;39m [35m97591[0;39m [2m---[0;39m [2m[CodyService] [           main][0;39m [2m[0;39m[36mo.a.c.c.C.[Tomcat].[localhost].[/api]   [0;39m [2m:[0;39m Initializing Spring embedded WebApplicationContext
[2m2025-02-28T12:18:38.420+09:00[0;39m [32m INFO[0;39m [35m97591[0;39m [2m---[0;39m [2m[CodyService] [           main][0;39m [2m[0;39m[36mw.s.c.ServletWebServerApplicationContext[0;39m [2m:[0;39m Root WebApplicationContext: initialization completed in 2077 ms
[2m2025-02-28T12:18:38.434+09:00[0;39m [32m INFO[0;39m [35m97591[0;39m [2m---[0;39m [2m[CodyService] [           main][0;39m [2m[0;39m[36mcom.zaxxer.hikari.HikariDataSource      [0;39m [2m:[0;39m HikariPool-1 - Starting...
[2m2025-02-28T12:18:38.513+09:00[0;39m [32m INFO[0;39m [35m97591[0;39m [2m---[0;39m [2m[CodyService] [           main][0;39m [2m[0;39m[36mcom.zaxxer.hikari.pool.HikariPool       [0;39m [2m:[0;39m HikariPool-1 - Added connection conn0: url=jdbc:h2:mem:testdb user=SA
[2m2025-02-28T12:18:38.514+09:00[0;39m [32m INFO[0;39m [35m97591[0;39m [2m---[0;39m [2m[CodyService] [           main][0;39m [2m[0;39m[36mcom.zaxxer.hikari.HikariDataSource      [0;39m [2m:[0;39m HikariPool-1 - Start completed.
[2m2025-02-28T12:18:38.521+09:00[0;39m [32m INFO[0;39m [35m97591[0;39m [2m---[0;39m [2m[CodyService] [           main][0;39m [2m[0;39m[36mo.s.b.a.h2.H2ConsoleAutoConfiguration   [0;39m [2m:[0;39m H2 console available at '/h2-console'. Database available at 'jdbc:h2:mem:testdb'
[2m2025-02-28T12:18:38.587+09:00[0;39m [32m INFO[0;39m [35m97591[0;39m [2m---[0;39m [2m[CodyService] [           main][0;39m [2m[0;39m[36mo.hibernate.jpa.internal.util.LogHelper [0;39m [2m:[0;39m HHH000204: Processing PersistenceUnitInfo [name: default]
[2m2025-02-28T12:18:38.616+09:00[0;39m [32m INFO[0;39m [35m97591[0;39m [2m---[0;39m [2m[CodyService] [           main][0;39m [2m[0;39m[36morg.hibernate.Version                   [0;39m [2m:[0;39m HHH000412: Hibernate ORM core version 6.4.4.Final
[2m2025-02-28T12:18:38.633+09:00[0;39m [32m INFO[0;39m [35m97591[0;39m [2m---[0;39m [2m[CodyService] [           main][0;39m [2m[0;39m[36mo.h.c.internal.RegionFactoryInitiator   [0;39m [2m:[0;39m HHH000026: Second-level cache disabled
[2m2025-02-28T12:18:38.752+09:00[0;39m [32m INFO[0;39m [35m97591[0;39m [2m---[0;39m [2m[CodyService] [           main][0;39m [2m[0;39m[36mo.s.o.j.p.SpringPersistenceUnitInfo     [0;39m [2m:[0;39m No LoadTimeWeaver setup: ignoring JPA class transformer
[2m2025-02-28T12:18:38.776+09:00[0;39m [33m WARN[0;39m [35m97591[0;39m [2m---[0;39m [2m[CodyService] [           main][0;39m [2m[0;39m[36morg.hibernate.orm.deprecation           [0;39m [2m:[0;39m HHH90000025: H2Dialect does not need to be specified explicitly using 'hibernate.dialect' (remove the property setting and it will be selected by default)
[2m2025-02-28T12:18:38.931+09:00[0;39m [32m INFO[0;39m [35m97591[0;39m [2m---[0;39m [2m[CodyService] [           main][0;39m [2m[0;39m[36mo.h.e.t.j.p.i.JtaPlatformInitiator      [0;39m [2m:[0;39m HHH000489: No JTA platform available (set 'hibernate.transaction.jta.platform' to enable JTA platform integration)
[2m2025-02-28T12:18:38.933+09:00[0;39m [32m INFO[0;39m [35m97591[0;39m [2m---[0;39m [2m[CodyService] [           main][0;39m [2m[0;39m[36mj.LocalContainerEntityManagerFactoryBean[0;39m [2m:[0;39m Initialized JPA EntityManagerFactory for persistence unit 'default'
[2m2025-02-28T12:18:39.338+09:00[0;39m [32m INFO[0;39m [35m97591[0;39m [2m---[0;39m [2m[CodyService] [           main][0;39m [2m[0;39m[36mo.s.b.w.embedded.tomcat.TomcatWebServer [0;39m [2m:[0;39m Tomcat started on port 8080 (http) with context path '/api'
[2m2025-02-28T12:18:39.349+09:00[0;39m [32m INFO[0;39m [35m97591[0;39m [2m---[0;39m [2m[CodyService] [           main][0;39m [2m[0;39m[36mo.c.codyservice.CodyServiceApplication  [0;39m [2m:[0;39m Started CodyServiceApplication in 3.286 seconds (process running for 3.56)
[2m2025-02-28T12:19:50.120+09:00[0;39m [32m INFO[0;39m [35m97591[0;39m [2m---[0;39m [2m[CodyService] [ionShutdownHook][0;39m [2m[0;39m[36mj.LocalContainerEntityManagerFactoryBean[0;39m [2m:[0;39m Closing JPA EntityManagerFactory for persistence unit 'default'
[2m2025-02-28T12:19:50.134+09:00[0;39m [32m INFO[0;39m [35m97591[0;39m [2m---[0;39m [2m[CodyService] [ionShutdownHook][0;39m [2m[0;39m[36mcom.zaxxer.hikari.HikariDataSource      [0;39m [2m:[0;39m HikariPool-1 - Shutdown initiated...
[2m2025-02-28T12:19:50.142+09:00[0;39m [32m INFO[0;39m [35m97591[0;39m [2m---[0;39m [2m[CodyService] [ionShutdownHook][0;39m [2m[0;39m[36mcom.zaxxer.hikari.HikariDataSource      [0;39m [2m:[0;39m HikariPool-1 - Shutdown completed.
